x:\github_rsn\openvr\bin\win64\debug\openvr_api64.pdb
x:\github_rsn\openvr\build\src\openvr_api64.dir\debug\strtools_public.obj
x:\github_rsn\openvr\build\src\openvr_api64.dir\debug\vrpathregistry_public.obj
x:\github_rsn\openvr\build\src\openvr_api64.dir\debug\hmderrors_public.obj
x:\github_rsn\openvr\build\src\openvr_api64.dir\debug\sharedlibtools_public.obj
x:\github_rsn\openvr\build\src\openvr_api64.dir\debug\pathtools_public.obj
x:\github_rsn\openvr\build\src\openvr_api64.dir\debug\envvartools_public.obj
x:\github_rsn\openvr\build\src\openvr_api64.dir\debug\dirtools_public.obj
x:\github_rsn\openvr\build\src\openvr_api64.dir\debug\jsoncpp.obj
x:\github_rsn\openvr\build\src\openvr_api64.dir\debug\openvr_api_public.obj
x:\github_rsn\openvr\build\src\cmakefiles\generate.stamp
x:\github_rsn\openvr\bin\win64\debug\openvr_api64.lib
d:\github\openvr\build\src\openvr_api64.dir\debug\dirtools_public.obj
d:\github\openvr\build\src\openvr_api64.dir\debug\envvartools_public.obj
d:\github\openvr\build\src\openvr_api64.dir\debug\hmderrors_public.obj
d:\github\openvr\build\src\openvr_api64.dir\debug\jsoncpp.obj
d:\github\openvr\build\src\openvr_api64.dir\debug\openvr_api_public.obj
d:\github\openvr\build\src\openvr_api64.dir\debug\pathtools_public.obj
d:\github\openvr\build\src\openvr_api64.dir\debug\sharedlibtools_public.obj
d:\github\openvr\build\src\openvr_api64.dir\debug\strtools_public.obj
d:\github\openvr\build\src\openvr_api64.dir\debug\vrpathregistry_public.obj
d:\github\openvr\build\src\openvr_api64.dir\debug\openvr_api64.tlog\cl.command.1.tlog
d:\github\openvr\build\src\openvr_api64.dir\debug\openvr_api64.tlog\cl.read.1.tlog
d:\github\openvr\build\src\openvr_api64.dir\debug\openvr_api64.tlog\cl.write.1.tlog
d:\github\openvr\build\src\openvr_api64.dir\debug\openvr_api64.tlog\custombuild.command.1.tlog
d:\github\openvr\build\src\openvr_api64.dir\debug\openvr_api64.tlog\custombuild.read.1.tlog
d:\github\openvr\build\src\openvr_api64.dir\debug\openvr_api64.tlog\custombuild.write.1.tlog
d:\github\openvr\build\src\openvr_api64.dir\debug\openvr_api64.tlog\lib-link.read.1.tlog
d:\github\openvr\build\src\openvr_api64.dir\debug\openvr_api64.tlog\lib-link.write.1.tlog
d:\github\openvr\build\src\openvr_api64.dir\debug\openvr_api64.tlog\lib.command.1.tlog
